<?xml version="1.0" encoding="UTF-8"?>
<testsuite xmlns:xsi="http://www.w3.org/2001/XMLSchema-instance" xsi:noNamespaceSchemaLocation="https://maven.apache.org/surefire/maven-surefire-plugin/xsd/surefire-test-report-3.0.xsd" version="3.0" name="com.imt.framework.web.tuto.resources.LivreResourceUnitTest" time="0.194" tests="6" errors="0" skipped="0" failures="0">
  <properties>
[...]
</properties>
  <testcase name="deleteBook_deletesById" classname="com.imt.framework.web.tuto.resources.LivreResourceUnitTest" time="0.004"/>
  <testcase name="createBook_savesLivre" classname="com.imt.framework.web.tuto.resources.LivreResourceUnitTest" time="0.001"/>
  <testcase name="getBooks_withoutMaxPrice_returnsAllBooksAndSetsCorsHeader" classname="com.imt.framework.web.tuto.resources.LivreResourceUnitTest" time="0.153"/>
  <testcase name="updateBook_updatesFieldsAndSaves" classname="com.imt.framework.web.tuto.resources.LivreResourceUnitTest" time="0.016"/>
  <testcase name="getBooks_withMaxPrice_filtersBooksAndSetsCorsHeader" classname="com.imt.framework.web.tuto.resources.LivreResourceUnitTest" time="0.005"/>
  <testcase name="updateBook_throwsWhenLivreNotFound" classname="com.imt.framework.web.tuto.resources.LivreResourceUnitTest" time="0.007"/>
</testsuite>